$GPTXT,01,01,02,u-blox ag - www.u-blox.com*50
$GPTXT,01,01,02,HW  UBX-G70xx   00070000 *77
$GPTXT,01,01,02,ROM CORE 1.00 (59842) Jun 27 2012 17:43:52*59
$GPTXT,01,01,02,PROTVER 14.00*1E
$GPTXT,01,01,02,ANTSUPERV=AC SD PDoS SR*20
$GPTXT,01,01,02,ANTSTATUS=OK*3B
$GPTXT,01,01,02,LLC FFFFFFFF-FFFFFFED-FFFFFFFF-FFFFFFFF-FFFFFFF9*50
$GPRMC,212204.00,A,3908.53679,N,08437.66193,W,0.246,,260126,,,A*6B
$GPVTG,,T,,M,0.246,N,0.455,K,A*27
$GPGGA,212204.00,3908.53679,N,08437.66193,W,1,05,2.01,284.3,M,-33.2,M,,*62
$GPGSA,A,3,14,17,01,06,19,,,,,,,,3.55,2.01,2.93*06
$GPGSV,3,1,09,01,18,044,18,06,56,212,21,11,12,218,16,12,02,311,*79
$GPGSV,3,2,09,14,55,134,21,17,66,028,30,19,65,315,27,24,23,298,19*7B
$GPGSV,3,3,09,30,05,180,*4F
$GPGLL,3908.53679,N,08437.66193,W,212204.00,A,A*73
$GPRMC,212205.00,A,3908.53683,N,08437.66203,W,0.114,,260126,,,A*61
$GPVTG,,T,,M,0.114,N,0.210,K,A*24
$GPGGA,212205.00,3908.53683,N,08437.66203,W,1,05,2.01,284.6,M,-33.2,M,,*69
$GPGSA,A,3,14,17,01,06,19,,,,,,,,3.55,2.01,2.93*06
$GPGSV,3,1,09,01,18,044,18,06,56,212,21,11,12,218,16,12,02,311,*79
$GPGSV,3,2,09,14,55,134,21,17,66,028,30,19,65,315,27,24,23,298,19*7B
$GPGSV,3,3,09,30,05,180,*4F
$GPGLL,3908.53683,N,08437.66203,W,212205.00,A,A*7D
$GPRMC,212206.00,A,3908.53699,N,08437.66219,W,0.145,,260126,,,A*66
$GPVTG,,T,,M,0.145,N,0.268,K,A*2F
$GPGGA,212206.00,3908.53699,N,08437.66219,W,1,05,2.01,284.9,M,-33.2,M,,*65
$GPGSA,A,3,14,17,01,06,19,,,,,,,,3.55,2.01,2.93*06
$GPGSV,3,1,09,01,18,044,18,06,56,212,21,11,12,218,16,12,02,311,*79
$GPGSV,3,2,09,14,55,134,21,17,66,028,30,19,65,315,27,24,23,298,19*7B
$GPGSV,3,3,09,30,05,180,*4F
$GPGLL,3908.53699,N,08437.66219,W,212206.00,A,A*7E
$GPRMC,212207.00,A,3908.53729,N,08437.66213,W,0.444,,260126,,,A*63
$GPVTG,,T,,M,0.444,N,0.822,K,A*2F
$GPGGA,212207.00,3908.53729,N,08437.66213,W,1,05,2.01,284.8,M,-33.2,M,,*65
$GPGSA,A,3,14,17,01,06,19,,,,,,,,3.55,2.01,2.93*06
$GPGSV,3,1,09,01,18,044,18,06,56,212,21,11,12,218,16,12,02,311,*79
$GPGSV,3,2,09,14,55,134,21,17,66,028,30,19,65,315,27,24,23,298,19*7B
$GPGSV,3,3,09,30,05,180,*4F
$GPGLL,3908.53729,N,08437.66213,W,212207.00,A,A*7F
$GPRMC,212208.00,A,3908.53752,N,08437.66219,W,0.465,,260126,,,A*69
$GPVTG,,T,,M,0.465,N,0.860,K,A*2A
$GPGGA,212208.00,3908.53752,N,08437.66219,W,1,05,2.01,284.6,M,-33.2,M,,*62
$GPGSA,A,3,14,17,01,06,19,,,,,,,,3.55,2.01,2.93*06
$GPGSV,3,1,09,01,18,044,18,06,56,212,21,11,12,218,16,12,02,311,*79
$GPGSV,3,2,09,14,55,134,20,17,66,028,30,19,65,315,27,24,23,298,19*7A
$GPGSV,3,3,09,30,05,180,*4F
$GPGLL,3908.53752,N,08437.66219,W,212208.00,A,A*76
$GPRMC,212209.00,A,3908.53716,N,08437.66212,W,0.060,,260126,,,A*62
$GPVTG,,T,,M,0.060,N,0.111,K,A*24
$GPGGA,212209.00,3908.53716,N,08437.66212,W,1,05,2.01,284.6,M,-33.2,M,,*68
$GPGSA,A,3,14,17,01,06,19,,,,,,,,3.55,2.01,2.93*06
$GPGSV,3,1,09,01,18,044,18,06,56,212,21,11,12,218,16,12,02,311,*79
$GPGSV,3,2,09,14,55,134,19,17,66,028,31,19,65,315,26,24,23,298,19*70
$GPGSV,3,3,09,30,05,180,*4F
$GPGLL,3908.53716,N,08437.66212,W,212209.00,A,A*7C
$GPRMC,212210.00,A,3908.53730,N,08437.66219,W,0.323,,260126,,,A*61
$GPVTG,,T,,M,0.323,N,0.598,K,A*25
$GPGGA,212210.00,3908.53730,N,08437.66219,W,1,05,2.01,284.7,M,-33.2,M,,*6E
$GPGSA,A,3,14,17,01,06,19,,,,,,,,3.55,2.01,2.93*06
$GPGSV,3,1,09,01,18,044,18,06,56,212,21,11,12,218,16,12,02,311,*79
$GPGSV,3,2,09,14,55,134,19,17,66,028,31,19,65,315,26,24,23,298,19*70
$GPGSV,3,3,09,30,05,180,*4F
$GPGLL,3908.53730,N,08437.66219,W,212210.00,A,A*7B
$GPRMC,212211.00,A,3908.53719,N,08437.66230,W,0.236,,260126,,,A*65
$GPVTG,,T,,M,0.236,N,0.437,K,A*24
$GPGGA,212211.00,3908.53719,N,08437.66230,W,1,05,2.01,284.8,M,-33.2,M,,*60
$GPGSA,A,3,14,17,01,06,19,,,,,,,,3.55,2.01,2.93*06
$GPGSV,3,1,09,01,18,044,19,06,56,212,21,11,12,218,16,12,02,311,*78
$GPGSV,3,2,09,14,55,134,20,17,66,028,31,19,65,315,26,24,23,298,18*7B
$GPGSV,3,3,09,30,05,180,*4F
$GPGLL,3908.53719,N,08437.66230,W,212211.00,A,A*7A
$GPRMC,212212.00,A,3908.53734,N,08437.66232,W,0.212,,260126,,,A*6D
$GPVTG,,T,,M,0.212,N,0.393,K,A*2B
$GPGGA,212212.00,3908.53734,N,08437.66232,W,1,05,2.01,285.0,M,-33.2,M,,*67
$GPGSA,A,3,14,17,01,06,19,,,,,,,,3.55,2.01,2.93*06
$GPGSV,3,1,09,01,18,044,20,06,56,212,21,11,12,218,15,12,02,311,*71
$GPGSV,3,2,09,14,55,134,20,17,66,028,31,19,65,315,26,24,23,298,18*7B
$GPGSV,3,3,09,30,05,180,*4F
$GPGLL,3908.53734,N,08437.66232,W,212212.00,A,A*74
$GPRMC,212213.00,A,3908.53702,N,08437.66236,W,0.194,,260126,,,A*60
$GPVTG,,T,,M,0.194,N,0.358,K,A*21
$GPGGA,212213.00,3908.53702,N,08437.66236,W,1,05,2.01,285.2,M,-33.2,M,,*65
$GPGSA,A,3,14,17,01,06,19,,,,,,,,3.55,2.01,2.93*06
$GPGSV,3,1,09,01,18,044,19,06,56,212,21,11,12,218,16,12,02,311,*78
$GPGSV,3,2,09,14,55,134,20,17,66,028,31,19,65,315,26,24,23,298,18*7B
$GPGSV,3,3,09,30,05,180,*4F
$GPGLL,3908.53702,N,08437.66236,W,212213.00,A,A*74
$GPRMC,212214.00,A,3908.53688,N,08437.66244,W,0.273,,260126,,,A*6B
$GPVTG,,T,,M,0.273,N,0.505,K,A*25
$GPGGA,212214.00,3908.53688,N,08437.66244,W,1,05,2.01,285.1,M,-33.2,M,,*67
$GPGSA,A,3,14,17,01,06,19,,,,,,,,3.55,2.01,2.93*06
$GPGSV,3,1,09,01,18,044,19,06,56,212,21,11,12,218,16,12,02,311,*78
$GPGSV,3,2,09,14,55,134,20,17,66,028,31,19,65,315,26,24,23,298,18*7B
$GPGSV,3,3,09,30,05,180,*4F
$GPGLL,3908.53688,N,08437.66244,W,212214.00,A,A*75
$GPRMC,212215.00,A,3908.53700,N,08437.66245,W,0.025,,260126,,,A*6B
$GPVTG,,T,,M,0.025,N,0.046,K,A*26
$GPGGA,212215.00,3908.53700,N,08437.66245,W,1,05,2.01,284.9,M,-33.2,M,,*6F
$GPGSA,A,3,14,17,01,06,19,,,,,,,,3.55,2.01,2.93*06
$GPGSV,3,1,09,01,18,044,20,06,56,212,21,11,12,218,17,12,02,311,*73
$GPGSV,3,2,09,14,55,134,20,17,66,028,31,19,65,315,26,24,23,298,18*7B
$GPGSV,3,3,09,30,05,180,*4F
$GPGLL,3908.53700,N,08437.66245,W,212215.00,A,A*74